Building DAG of jobs...
Checking status of 0 jobs.
Using shell: /usr/bin/bash
Provided cluster nodes: 4
Provided resources: cpus=64
Job counts:
	count	jobs
	2	Genotype
	1	GroupAnalysis
	1	MakeVCF
	1	all
	5
Resources before job selection: {'cpus': 64, '_cores': 9223372036854775807, '_nodes': 4}
Ready jobs (1):
	GroupAnalysis
Selected jobs (1):
	GroupAnalysis
Resources after job selection: {'cpus': 64, '_cores': 9223372036854775806, '_nodes': 3}

[Fri Jun  9 10:23:09 2023]
rule GroupAnalysis:
    output: data/GroupAnalysis_out/ALU.pre_geno.tsv, data/GroupAnalysis_out/LINE1.pre_geno.tsv, data/GroupAnalysis_out/SVA.pre_geno.tsv
    jobid: 2


        java -jar /hpf/largeprojects/ccmbio/ccmmarvin_shared/genomes/166/MELT/MELTv2.2.2/MELT.jar GroupAnalysis         -h /hpf/largeprojects/ccm_dccforge/dccdipg/Common/genomes/GRCh37d5/GRCh37d5.fa         -n /hpf/largeprojects/ccmbio/ccmmarvin_shared/genomes/166/MELT/MELTv2.2.2/add_bed_files/1KGP_Hg19/hg19.genes.bed         -t /hpf/largeprojects/ccmbio/swu/MELT_me_merged/transposon_file_list.txt        -discoverydir /hpf/largeprojects/ccmbio/swu/MELT_me_merged/data/IndivAnalysis_out/         -w /hpf/largeprojects/ccmbio/swu/MELT_me_merged/data/GroupAnalysis_out/ 
        
Jobscript:
#!/bin/bash
# properties = {"type": "single", "rule": "GroupAnalysis", "local": false, "input": [], "output": ["data/GroupAnalysis_out/ALU.pre_geno.tsv", "data/GroupAnalysis_out/LINE1.pre_geno.tsv", "data/GroupAnalysis_out/SVA.pre_geno.tsv"], "wildcards": {}, "params": {"melt": "/hpf/largeprojects/ccmbio/ccmmarvin_shared/genomes/166/MELT/MELTv2.2.2/MELT.jar", "genome_ref": "/hpf/largeprojects/ccm_dccforge/dccdipg/Common/genomes/GRCh37d5/GRCh37d5.fa", "project": "166", "element_ref": "/hpf/largeprojects/ccmbio/swu/MELT_me_merged/transposon_file_list.txt"}, "log": [], "threads": 1, "resources": {}, "jobid": 2, "cluster": {"job-name": "GroupAnalysis", "mem": "20G", "time": "20:00:00", "output": "slurm/%x-%j.out"}}
cd /hpf/largeprojects/ccmbio/swu/MELT_me_merged && \
/home/dennis.kao/Common/anaconda3/envs/snakemake/bin/python3.6 \
-m snakemake data/GroupAnalysis_out/ALU.pre_geno.tsv --snakefile /hpf/largeprojects/ccmbio/swu/MELT_me_merged/Snakefile \
--force -j --keep-target-files --keep-remote \
--wait-for-files /hpf/largeprojects/ccmbio/swu/MELT_me_merged/.snakemake/tmp.k59det5t /hpf/largeprojects/ccm_dccforge/dccdipg/Common/snakemake/ac84b9ea --latency-wait 60 \
 --attempt 1 --force-use-threads \
--wrapper-prefix https://github.com/snakemake/snakemake-wrappers/raw/ \
 --configfiles /hpf/largeprojects/ccmbio/swu/MELT_me_merged/config.yaml -p --allowed-rules GroupAnalysis --nocolor --notemp --no-hooks --nolock \
--mode 2  --use-conda  --conda-prefix /hpf/largeprojects/ccm_dccforge/dccdipg/Common/snakemake  && exit 0 || exit 1

Submitted job 2 with external jobid '3206451'.
Checking status of 1 jobs.
Checking status of 1 jobs.
Checking status of 1 jobs.
Checking status of 1 jobs.
Checking status of 1 jobs.
Checking status of 1 jobs.
Checking status of 1 jobs.
Checking status of 1 jobs.
Checking status of 1 jobs.
Checking status of 1 jobs.
Checking status of 1 jobs.
Checking status of 1 jobs.
Checking status of 1 jobs.
Checking status of 1 jobs.
Checking status of 1 jobs.
Checking status of 1 jobs.
Checking status of 1 jobs.
Checking status of 1 jobs.
Checking status of 1 jobs.
Checking status of 1 jobs.
Checking status of 1 jobs.
Checking status of 1 jobs.
Checking status of 1 jobs.
Checking status of 1 jobs.
Checking status of 1 jobs.
Checking status of 1 jobs.
Checking status of 1 jobs.
Checking status of 1 jobs.
Checking status of 1 jobs.
Checking status of 1 jobs.
Checking status of 1 jobs.
Checking status of 1 jobs.
Checking status of 1 jobs.
Checking status of 1 jobs.
Checking status of 1 jobs.
Checking status of 1 jobs.
Checking status of 1 jobs.
Checking status of 1 jobs.
Checking status of 1 jobs.
Checking status of 1 jobs.
Checking status of 1 jobs.
Checking status of 1 jobs.
Checking status of 1 jobs.
Checking status of 1 jobs.
Checking status of 1 jobs.
Checking status of 1 jobs.
Checking status of 1 jobs.
Checking status of 1 jobs.
Checking status of 1 jobs.
Checking status of 1 jobs.
Checking status of 1 jobs.
Checking status of 1 jobs.
Checking status of 1 jobs.
Checking status of 1 jobs.
Checking status of 1 jobs.
Checking status of 1 jobs.
[Fri Jun  9 10:33:36 2023]
Finished job 2.
1 of 5 steps (20%) done
Resources before job selection: {'cpus': 64, '_cores': 9223372036854775807, '_nodes': 4}
Ready jobs (2):
	Genotype
	Genotype
Selected jobs (2):
	Genotype
	Genotype
Resources after job selection: {'cpus': 64, '_cores': 9223372036854775805, '_nodes': 2}

[Fri Jun  9 10:33:37 2023]
rule Genotype:
    input: data/GroupAnalysis_out/ALU.pre_geno.tsv, data/GroupAnalysis_out/LINE1.pre_geno.tsv, data/GroupAnalysis_out/SVA.pre_geno.tsv, data/166_CH3056.bam
    output: data/Genotype_out/166_CH3056.ALU.tsv, data/Genotype_out/166_CH3056.LINE1.tsv, data/Genotype_out/166_CH3056.SVA.tsv
    jobid: 4
    wildcards: project=166, sample=CH3056


        java -jar /hpf/largeprojects/ccmbio/ccmmarvin_shared/genomes/166/MELT/MELTv2.2.2/MELT.jar Genotype         -bamfile data/166_CH3056.bam         -h /hpf/largeprojects/ccm_dccforge/dccdipg/Common/genomes/GRCh37d5/GRCh37d5.fa         -t /hpf/largeprojects/ccmbio/swu/MELT_me_merged/transposon_file_list.txt	    -p /hpf/largeprojects/ccmbio/swu/MELT_me_merged/data/GroupAnalysis_out/         -w /hpf/largeprojects/ccmbio/swu/MELT_me_merged/data/Genotype_out/
        
Jobscript:
#!/bin/bash
# properties = {"type": "single", "rule": "Genotype", "local": false, "input": ["data/GroupAnalysis_out/ALU.pre_geno.tsv", "data/GroupAnalysis_out/LINE1.pre_geno.tsv", "data/GroupAnalysis_out/SVA.pre_geno.tsv", "data/166_CH3056.bam"], "output": ["data/Genotype_out/166_CH3056.ALU.tsv", "data/Genotype_out/166_CH3056.LINE1.tsv", "data/Genotype_out/166_CH3056.SVA.tsv"], "wildcards": {"project": "166", "sample": "CH3056"}, "params": {"melt": "/hpf/largeprojects/ccmbio/ccmmarvin_shared/genomes/166/MELT/MELTv2.2.2/MELT.jar", "genome_ref": "/hpf/largeprojects/ccm_dccforge/dccdipg/Common/genomes/GRCh37d5/GRCh37d5.fa", "element_ref": "/hpf/largeprojects/ccmbio/swu/MELT_me_merged/transposon_file_list.txt"}, "log": [], "threads": 1, "resources": {}, "jobid": 4, "cluster": {"job-name": "Genotype", "mem": "20G", "time": "20:00:00", "output": "slurm/%x-%j.out"}}
cd /hpf/largeprojects/ccmbio/swu/MELT_me_merged && \
/home/dennis.kao/Common/anaconda3/envs/snakemake/bin/python3.6 \
-m snakemake data/Genotype_out/166_CH3056.ALU.tsv --snakefile /hpf/largeprojects/ccmbio/swu/MELT_me_merged/Snakefile \
--force -j --keep-target-files --keep-remote \
--wait-for-files /hpf/largeprojects/ccmbio/swu/MELT_me_merged/.snakemake/tmp.k59det5t data/GroupAnalysis_out/ALU.pre_geno.tsv data/GroupAnalysis_out/LINE1.pre_geno.tsv data/GroupAnalysis_out/SVA.pre_geno.tsv data/166_CH3056.bam /hpf/largeprojects/ccm_dccforge/dccdipg/Common/snakemake/ac84b9ea --latency-wait 60 \
 --attempt 1 --force-use-threads \
--wrapper-prefix https://github.com/snakemake/snakemake-wrappers/raw/ \
 --configfiles /hpf/largeprojects/ccmbio/swu/MELT_me_merged/config.yaml -p --allowed-rules Genotype --nocolor --notemp --no-hooks --nolock \
--mode 2  --use-conda  --conda-prefix /hpf/largeprojects/ccm_dccforge/dccdipg/Common/snakemake  && exit 0 || exit 1

Submitted job 4 with external jobid '3206487'.

[Fri Jun  9 10:33:39 2023]
rule Genotype:
    input: data/GroupAnalysis_out/ALU.pre_geno.tsv, data/GroupAnalysis_out/LINE1.pre_geno.tsv, data/GroupAnalysis_out/SVA.pre_geno.tsv, data/166_120948.bam
    output: data/Genotype_out/166_120948.ALU.tsv, data/Genotype_out/166_120948.LINE1.tsv, data/Genotype_out/166_120948.SVA.tsv
    jobid: 3
    wildcards: project=166, sample=120948


        java -jar /hpf/largeprojects/ccmbio/ccmmarvin_shared/genomes/166/MELT/MELTv2.2.2/MELT.jar Genotype         -bamfile data/166_120948.bam         -h /hpf/largeprojects/ccm_dccforge/dccdipg/Common/genomes/GRCh37d5/GRCh37d5.fa         -t /hpf/largeprojects/ccmbio/swu/MELT_me_merged/transposon_file_list.txt	    -p /hpf/largeprojects/ccmbio/swu/MELT_me_merged/data/GroupAnalysis_out/         -w /hpf/largeprojects/ccmbio/swu/MELT_me_merged/data/Genotype_out/
        
Jobscript:
#!/bin/bash
# properties = {"type": "single", "rule": "Genotype", "local": false, "input": ["data/GroupAnalysis_out/ALU.pre_geno.tsv", "data/GroupAnalysis_out/LINE1.pre_geno.tsv", "data/GroupAnalysis_out/SVA.pre_geno.tsv", "data/166_120948.bam"], "output": ["data/Genotype_out/166_120948.ALU.tsv", "data/Genotype_out/166_120948.LINE1.tsv", "data/Genotype_out/166_120948.SVA.tsv"], "wildcards": {"project": "166", "sample": "120948"}, "params": {"melt": "/hpf/largeprojects/ccmbio/ccmmarvin_shared/genomes/166/MELT/MELTv2.2.2/MELT.jar", "genome_ref": "/hpf/largeprojects/ccm_dccforge/dccdipg/Common/genomes/GRCh37d5/GRCh37d5.fa", "element_ref": "/hpf/largeprojects/ccmbio/swu/MELT_me_merged/transposon_file_list.txt"}, "log": [], "threads": 1, "resources": {}, "jobid": 3, "cluster": {"job-name": "Genotype", "mem": "20G", "time": "20:00:00", "output": "slurm/%x-%j.out"}}
cd /hpf/largeprojects/ccmbio/swu/MELT_me_merged && \
/home/dennis.kao/Common/anaconda3/envs/snakemake/bin/python3.6 \
-m snakemake data/Genotype_out/166_120948.ALU.tsv --snakefile /hpf/largeprojects/ccmbio/swu/MELT_me_merged/Snakefile \
--force -j --keep-target-files --keep-remote \
--wait-for-files /hpf/largeprojects/ccmbio/swu/MELT_me_merged/.snakemake/tmp.k59det5t data/GroupAnalysis_out/ALU.pre_geno.tsv data/GroupAnalysis_out/LINE1.pre_geno.tsv data/GroupAnalysis_out/SVA.pre_geno.tsv data/166_120948.bam /hpf/largeprojects/ccm_dccforge/dccdipg/Common/snakemake/ac84b9ea --latency-wait 60 \
 --attempt 1 --force-use-threads \
--wrapper-prefix https://github.com/snakemake/snakemake-wrappers/raw/ \
 --configfiles /hpf/largeprojects/ccmbio/swu/MELT_me_merged/config.yaml -p --allowed-rules Genotype --nocolor --notemp --no-hooks --nolock \
--mode 2  --use-conda  --conda-prefix /hpf/largeprojects/ccm_dccforge/dccdipg/Common/snakemake  && exit 0 || exit 1

Submitted job 3 with external jobid '3206488'.
Checking status of 2 jobs.
Checking status of 2 jobs.
Checking status of 2 jobs.
Checking status of 2 jobs.
Checking status of 2 jobs.
Checking status of 2 jobs.
Checking status of 2 jobs.
Checking status of 2 jobs.
Checking status of 2 jobs.
Checking status of 2 jobs.
Checking status of 2 jobs.
Checking status of 2 jobs.
Checking status of 2 jobs.
Checking status of 2 jobs.
Checking status of 2 jobs.
Checking status of 2 jobs.
Checking status of 2 jobs.
Checking status of 2 jobs.
Checking status of 2 jobs.
Checking status of 2 jobs.
Checking status of 2 jobs.
Checking status of 2 jobs.
Checking status of 2 jobs.
Checking status of 2 jobs.
Checking status of 2 jobs.
Checking status of 2 jobs.
Checking status of 2 jobs.
Checking status of 2 jobs.
Checking status of 2 jobs.
Checking status of 2 jobs.
Checking status of 2 jobs.
Checking status of 2 jobs.
Checking status of 2 jobs.
Checking status of 2 jobs.
Checking status of 2 jobs.
Checking status of 2 jobs.
Checking status of 2 jobs.
Checking status of 2 jobs.
Checking status of 2 jobs.
Checking status of 2 jobs.
Checking status of 2 jobs.
Checking status of 2 jobs.
Checking status of 2 jobs.
Checking status of 2 jobs.
Checking status of 2 jobs.
Checking status of 2 jobs.
Checking status of 2 jobs.
Checking status of 2 jobs.
Checking status of 2 jobs.
Checking status of 2 jobs.
Checking status of 2 jobs.
Checking status of 2 jobs.
Checking status of 2 jobs.
Checking status of 2 jobs.
Checking status of 2 jobs.
Checking status of 2 jobs.
Checking status of 2 jobs.
Checking status of 2 jobs.
Checking status of 2 jobs.
Checking status of 2 jobs.
Checking status of 2 jobs.
Checking status of 2 jobs.
Checking status of 2 jobs.
Checking status of 2 jobs.
Checking status of 2 jobs.
Checking status of 2 jobs.
Checking status of 2 jobs.
Checking status of 2 jobs.
Checking status of 2 jobs.
Checking status of 2 jobs.
Checking status of 2 jobs.
Checking status of 2 jobs.
Checking status of 2 jobs.
Checking status of 2 jobs.
Checking status of 2 jobs.
Checking status of 2 jobs.
Checking status of 2 jobs.
Checking status of 2 jobs.
Checking status of 2 jobs.
Checking status of 2 jobs.
Checking status of 2 jobs.
Checking status of 2 jobs.
Checking status of 2 jobs.
Checking status of 2 jobs.
Checking status of 2 jobs.
Checking status of 2 jobs.
Checking status of 2 jobs.
Checking status of 2 jobs.
Checking status of 2 jobs.
Checking status of 2 jobs.
Checking status of 2 jobs.
Checking status of 2 jobs.
Checking status of 2 jobs.
Checking status of 2 jobs.
Checking status of 2 jobs.
Checking status of 2 jobs.
Checking status of 2 jobs.
Checking status of 2 jobs.
Checking status of 2 jobs.
Checking status of 2 jobs.
Checking status of 2 jobs.
Checking status of 2 jobs.
Checking status of 2 jobs.
Checking status of 2 jobs.
Checking status of 2 jobs.
Checking status of 2 jobs.
Checking status of 2 jobs.
Checking status of 2 jobs.
Checking status of 2 jobs.
Checking status of 2 jobs.
Checking status of 2 jobs.
Checking status of 2 jobs.
Checking status of 2 jobs.
Checking status of 2 jobs.
Checking status of 2 jobs.
Checking status of 2 jobs.
Checking status of 2 jobs.
Checking status of 2 jobs.
Checking status of 2 jobs.
Checking status of 2 jobs.
Checking status of 2 jobs.
Checking status of 2 jobs.
Checking status of 2 jobs.
Checking status of 2 jobs.
Checking status of 2 jobs.
Checking status of 2 jobs.
Checking status of 2 jobs.
Checking status of 2 jobs.
Checking status of 2 jobs.
Checking status of 2 jobs.
Checking status of 2 jobs.
Checking status of 2 jobs.
Checking status of 2 jobs.
Checking status of 2 jobs.
Checking status of 2 jobs.
Checking status of 2 jobs.
Checking status of 2 jobs.
Checking status of 2 jobs.
Checking status of 2 jobs.
Checking status of 2 jobs.
Checking status of 2 jobs.
Checking status of 2 jobs.
Checking status of 2 jobs.
Checking status of 2 jobs.
Checking status of 2 jobs.
Checking status of 2 jobs.
Checking status of 2 jobs.
Checking status of 2 jobs.
Checking status of 2 jobs.
Checking status of 2 jobs.
Checking status of 2 jobs.
Checking status of 2 jobs.
Checking status of 2 jobs.
Checking status of 2 jobs.
Checking status of 2 jobs.
Checking status of 2 jobs.
Checking status of 2 jobs.
Checking status of 2 jobs.
Checking status of 2 jobs.
Checking status of 2 jobs.
Checking status of 2 jobs.
Checking status of 2 jobs.
Checking status of 2 jobs.
Checking status of 2 jobs.
Checking status of 2 jobs.
Checking status of 2 jobs.
Checking status of 2 jobs.
Checking status of 2 jobs.
Checking status of 2 jobs.
Checking status of 2 jobs.
Checking status of 2 jobs.
Checking status of 2 jobs.
Checking status of 2 jobs.
Checking status of 2 jobs.
Checking status of 2 jobs.
Checking status of 2 jobs.
Checking status of 2 jobs.
Checking status of 2 jobs.
Checking status of 2 jobs.
Checking status of 2 jobs.
Checking status of 2 jobs.
Checking status of 2 jobs.
Checking status of 2 jobs.
Checking status of 2 jobs.
Checking status of 2 jobs.
Checking status of 2 jobs.
Checking status of 2 jobs.
Checking status of 2 jobs.
Checking status of 2 jobs.
Checking status of 2 jobs.
[Fri Jun  9 11:13:01 2023]
Finished job 4.
2 of 5 steps (40%) done
Checking status of 1 jobs.
Checking status of 1 jobs.
Checking status of 1 jobs.
Checking status of 1 jobs.
Checking status of 1 jobs.
Checking status of 1 jobs.
Checking status of 1 jobs.
Checking status of 1 jobs.
Checking status of 1 jobs.
Checking status of 1 jobs.
Checking status of 1 jobs.
Checking status of 1 jobs.
Checking status of 1 jobs.
Checking status of 1 jobs.
Checking status of 1 jobs.
Checking status of 1 jobs.
Checking status of 1 jobs.
Checking status of 1 jobs.
Checking status of 1 jobs.
Checking status of 1 jobs.
Checking status of 1 jobs.
Checking status of 1 jobs.
Checking status of 1 jobs.
Checking status of 1 jobs.
Checking status of 1 jobs.
Checking status of 1 jobs.
Checking status of 1 jobs.
Checking status of 1 jobs.
Checking status of 1 jobs.
Checking status of 1 jobs.
Checking status of 1 jobs.
Checking status of 1 jobs.
Checking status of 1 jobs.
Checking status of 1 jobs.
Checking status of 1 jobs.
Checking status of 1 jobs.
Checking status of 1 jobs.
Checking status of 1 jobs.
Checking status of 1 jobs.
Checking status of 1 jobs.
Checking status of 1 jobs.
Checking status of 1 jobs.
Checking status of 1 jobs.
Checking status of 1 jobs.
Checking status of 1 jobs.
Checking status of 1 jobs.
Checking status of 1 jobs.
Checking status of 1 jobs.
Checking status of 1 jobs.
Checking status of 1 jobs.
Checking status of 1 jobs.
Checking status of 1 jobs.
Checking status of 1 jobs.
Checking status of 1 jobs.
Checking status of 1 jobs.
Checking status of 1 jobs.
Checking status of 1 jobs.
Checking status of 1 jobs.
Checking status of 1 jobs.
Checking status of 1 jobs.
Checking status of 1 jobs.
Checking status of 1 jobs.
Checking status of 1 jobs.
Checking status of 1 jobs.
Checking status of 1 jobs.
Checking status of 1 jobs.
Checking status of 1 jobs.
Checking status of 1 jobs.
Checking status of 1 jobs.
Checking status of 1 jobs.
Checking status of 1 jobs.
Checking status of 1 jobs.
Checking status of 1 jobs.
Checking status of 1 jobs.
Checking status of 1 jobs.
Checking status of 1 jobs.
Checking status of 1 jobs.
Checking status of 1 jobs.
Checking status of 1 jobs.
Checking status of 1 jobs.
Checking status of 1 jobs.
Checking status of 1 jobs.
Checking status of 1 jobs.
Checking status of 1 jobs.
Checking status of 1 jobs.
Checking status of 1 jobs.
Checking status of 1 jobs.
Checking status of 1 jobs.
Checking status of 1 jobs.
Checking status of 1 jobs.
Checking status of 1 jobs.
Checking status of 1 jobs.
Checking status of 1 jobs.
Checking status of 1 jobs.
Checking status of 1 jobs.
Checking status of 1 jobs.
Checking status of 1 jobs.
Checking status of 1 jobs.
Checking status of 1 jobs.
Checking status of 1 jobs.
Checking status of 1 jobs.
Checking status of 1 jobs.
Checking status of 1 jobs.
Checking status of 1 jobs.
Checking status of 1 jobs.
Checking status of 1 jobs.
Checking status of 1 jobs.
Checking status of 1 jobs.
Checking status of 1 jobs.
Checking status of 1 jobs.
Checking status of 1 jobs.
Checking status of 1 jobs.
Checking status of 1 jobs.
Checking status of 1 jobs.
Checking status of 1 jobs.
Checking status of 1 jobs.
Checking status of 1 jobs.
Checking status of 1 jobs.
Checking status of 1 jobs.
Checking status of 1 jobs.
Checking status of 1 jobs.
Checking status of 1 jobs.
Checking status of 1 jobs.
Checking status of 1 jobs.
Checking status of 1 jobs.
Checking status of 1 jobs.
Checking status of 1 jobs.
Checking status of 1 jobs.
Checking status of 1 jobs.
Checking status of 1 jobs.
Checking status of 1 jobs.
Checking status of 1 jobs.
Checking status of 1 jobs.
Checking status of 1 jobs.
Checking status of 1 jobs.
Checking status of 1 jobs.
Checking status of 1 jobs.
Checking status of 1 jobs.
Checking status of 1 jobs.
Checking status of 1 jobs.
Checking status of 1 jobs.
Checking status of 1 jobs.
Checking status of 1 jobs.
Checking status of 1 jobs.
Checking status of 1 jobs.
Checking status of 1 jobs.
Checking status of 1 jobs.
Checking status of 1 jobs.
Checking status of 1 jobs.
Checking status of 1 jobs.
Checking status of 1 jobs.
Checking status of 1 jobs.
Checking status of 1 jobs.
Checking status of 1 jobs.
Checking status of 1 jobs.
Checking status of 1 jobs.
Checking status of 1 jobs.
Checking status of 1 jobs.
Checking status of 1 jobs.
Checking status of 1 jobs.
Checking status of 1 jobs.
Checking status of 1 jobs.
Checking status of 1 jobs.
Checking status of 1 jobs.
Checking status of 1 jobs.
Checking status of 1 jobs.
Checking status of 1 jobs.
Checking status of 1 jobs.
Checking status of 1 jobs.
Checking status of 1 jobs.
Checking status of 1 jobs.
Checking status of 1 jobs.
Checking status of 1 jobs.
Checking status of 1 jobs.
Checking status of 1 jobs.
[Fri Jun  9 11:45:50 2023]
Finished job 3.
3 of 5 steps (60%) done
Resources before job selection: {'cpus': 64, '_cores': 9223372036854775807, '_nodes': 4}
Ready jobs (1):
	MakeVCF
Selected jobs (1):
	MakeVCF
Resources after job selection: {'cpus': 64, '_cores': 9223372036854775806, '_nodes': 3}

[Fri Jun  9 11:45:51 2023]
rule MakeVCF:
    input: data/GroupAnalysis_out/ALU.pre_geno.tsv, data/GroupAnalysis_out/LINE1.pre_geno.tsv, data/GroupAnalysis_out/SVA.pre_geno.tsv, data/Genotype_out/166_120948.ALU.tsv, data/Genotype_out/166_CH3056.ALU.tsv, data/Genotype_out/166_120948.LINE1.tsv, data/Genotype_out/166_CH3056.LINE1.tsv, data/Genotype_out/166_120948.SVA.tsv, data/Genotype_out/166_CH3056.SVA.tsv
    output: data/MakeVCF_out/166_ALU.final_comp.vcf, data/MakeVCF_out/166_LINE1.final_comp.vcf, data/MakeVCF_out/166_SVA.final_comp.vcf
    jobid: 1
    wildcards: project=166


        java -jar /hpf/largeprojects/ccmbio/ccmmarvin_shared/genomes/166/MELT/MELTv2.2.2/MELT.jar MakeVCF         -genotypingdir /hpf/largeprojects/ccmbio/swu/MELT_me_merged/data/Genotype_out/         -p /hpf/largeprojects/ccmbio/swu/MELT_me_merged/data/GroupAnalysis_out/         -h /hpf/largeprojects/ccm_dccforge/dccdipg/Common/genomes/GRCh37d5/GRCh37d5.fa         -t /hpf/largeprojects/ccmbio/swu/MELT_me_merged/transposon_file_list.txt        -w /hpf/largeprojects/ccmbio/swu/MELT_me_merged/data/MakeVCF_out/ ; 
        for me in "ALU" "LINE1" "SVA"; do 
            mv "$me".final_comp.vcf data/MakeVCF_out/166_"$me".final_comp.vcf
            mv data/MakeVCF_out/"$me".hum.list data/MakeVCF_out/166_"$me".hum.list
        done 
        
Jobscript:
#!/bin/bash
# properties = {"type": "single", "rule": "MakeVCF", "local": false, "input": ["data/GroupAnalysis_out/ALU.pre_geno.tsv", "data/GroupAnalysis_out/LINE1.pre_geno.tsv", "data/GroupAnalysis_out/SVA.pre_geno.tsv", "data/Genotype_out/166_120948.ALU.tsv", "data/Genotype_out/166_CH3056.ALU.tsv", "data/Genotype_out/166_120948.LINE1.tsv", "data/Genotype_out/166_CH3056.LINE1.tsv", "data/Genotype_out/166_120948.SVA.tsv", "data/Genotype_out/166_CH3056.SVA.tsv"], "output": ["data/MakeVCF_out/166_ALU.final_comp.vcf", "data/MakeVCF_out/166_LINE1.final_comp.vcf", "data/MakeVCF_out/166_SVA.final_comp.vcf"], "wildcards": {"project": "166"}, "params": {"melt": "/hpf/largeprojects/ccmbio/ccmmarvin_shared/genomes/166/MELT/MELTv2.2.2/MELT.jar", "genome_ref": "/hpf/largeprojects/ccm_dccforge/dccdipg/Common/genomes/GRCh37d5/GRCh37d5.fa", "project": "166", "element_ref": "/hpf/largeprojects/ccmbio/swu/MELT_me_merged/transposon_file_list.txt"}, "log": [], "threads": 1, "resources": {}, "jobid": 1, "cluster": {"job-name": "MakeVCF", "mem": "20G", "time": "20:00:00", "output": "slurm/%x-%j.out"}}
cd /hpf/largeprojects/ccmbio/swu/MELT_me_merged && \
/home/dennis.kao/Common/anaconda3/envs/snakemake/bin/python3.6 \
-m snakemake data/MakeVCF_out/166_ALU.final_comp.vcf --snakefile /hpf/largeprojects/ccmbio/swu/MELT_me_merged/Snakefile \
--force -j --keep-target-files --keep-remote \
--wait-for-files /hpf/largeprojects/ccmbio/swu/MELT_me_merged/.snakemake/tmp.k59det5t data/GroupAnalysis_out/ALU.pre_geno.tsv data/GroupAnalysis_out/LINE1.pre_geno.tsv data/GroupAnalysis_out/SVA.pre_geno.tsv data/Genotype_out/166_120948.ALU.tsv data/Genotype_out/166_CH3056.ALU.tsv data/Genotype_out/166_120948.LINE1.tsv data/Genotype_out/166_CH3056.LINE1.tsv data/Genotype_out/166_120948.SVA.tsv data/Genotype_out/166_CH3056.SVA.tsv /hpf/largeprojects/ccm_dccforge/dccdipg/Common/snakemake/ac84b9ea --latency-wait 60 \
 --attempt 1 --force-use-threads \
--wrapper-prefix https://github.com/snakemake/snakemake-wrappers/raw/ \
 --configfiles /hpf/largeprojects/ccmbio/swu/MELT_me_merged/config.yaml -p --allowed-rules MakeVCF --nocolor --notemp --no-hooks --nolock \
--mode 2  --use-conda  --conda-prefix /hpf/largeprojects/ccm_dccforge/dccdipg/Common/snakemake  && exit 0 || exit 1

Submitted job 1 with external jobid '3206918'.
Checking status of 1 jobs.
Waiting at most 60 seconds for missing files.
[Fri Jun  9 11:46:28 2023]
Finished job 1.
4 of 5 steps (80%) done
Resources before job selection: {'cpus': 64, '_cores': 9223372036854775807, '_nodes': 4}
Ready jobs (1):
	all
Selected jobs (1):
	all
Resources after job selection: {'cpus': 64, '_cores': 9223372036854775806, '_nodes': 3}

[Fri Jun  9 11:46:29 2023]
localrule all:
    input: data/MakeVCF_out/166_ALU.final_comp.vcf, data/MakeVCF_out/166_LINE1.final_comp.vcf, data/MakeVCF_out/166_SVA.final_comp.vcf
    jobid: 0

[Fri Jun  9 11:46:29 2023]
Finished job 0.
5 of 5 steps (100%) done
Complete log: /hpf/largeprojects/ccmbio/swu/MELT_me_merged/.snakemake/log/2023-06-09T102308.928293.snakemake.log
unlocking
removing lock
removing lock
removed all locks
