Building DAG of jobs...
Checking status of 0 jobs.
Using shell: /usr/bin/bash
Provided cluster nodes: 4
Provided resources: cpus=64
Job counts:
	count	jobs
	1	IndivAnalysis
	1	Preprocess
	1	all
	3
Resources before job selection: {'cpus': 64, '_cores': 9223372036854775807, '_nodes': 4}
Ready jobs (1):
	Preprocess
Selected jobs (1):
	Preprocess
Resources after job selection: {'cpus': 64, '_cores': 9223372036854775806, '_nodes': 3}

[Fri Jun  9 13:58:11 2023]
rule Preprocess:
    input: data/NA12878_1.bam
    output: data/NA12878/NA12878_1.bam.disc, data/NA12878/NA12878_1.bam.disc.bai, data/NA12878/NA12878_1.bam.fq
    jobid: 2
    wildcards: project=NA12878, sample=1


        java -jar /hpf/largeprojects/ccmbio/ccmmarvin_shared/genomes/166/MELT/MELTv2.2.2/MELT.jar Preprocess         -bamfile data/NA12878_1.bam         -h /hpf/largeprojects/ccm_dccforge/dccdipg/Common/genomes/GRCh37d5/GRCh37d5.fa
        
Jobscript:
#!/bin/bash
# properties = {"type": "single", "rule": "Preprocess", "local": false, "input": ["data/NA12878_1.bam"], "output": ["data/NA12878/NA12878_1.bam.disc", "data/NA12878/NA12878_1.bam.disc.bai", "data/NA12878/NA12878_1.bam.fq"], "wildcards": {"project": "NA12878", "sample": "1"}, "params": {"melt": "/hpf/largeprojects/ccmbio/ccmmarvin_shared/genomes/166/MELT/MELTv2.2.2/MELT.jar", "genome_ref": "/hpf/largeprojects/ccm_dccforge/dccdipg/Common/genomes/GRCh37d5/GRCh37d5.fa"}, "log": [], "threads": 1, "resources": {}, "jobid": 2, "cluster": {"job-name": "Preprocess", "mem": "20G", "time": "20:00:00", "output": "slurm/%x-%j.out"}}
cd /hpf/largeprojects/ccmbio/swu/MELT_me_merged && \
/home/dennis.kao/Common/anaconda3/envs/snakemake/bin/python3.6 \
-m snakemake data/NA12878/NA12878_1.bam.disc --snakefile /hpf/largeprojects/ccmbio/swu/MELT_me_merged/Snakefile \
--force -j --keep-target-files --keep-remote \
--wait-for-files /hpf/largeprojects/ccmbio/swu/MELT_me_merged/.snakemake/tmp.g1k985c5 data/NA12878_1.bam /hpf/largeprojects/ccm_dccforge/dccdipg/Common/snakemake/ac84b9ea --latency-wait 60 \
 --attempt 1 --force-use-threads \
--wrapper-prefix https://github.com/snakemake/snakemake-wrappers/raw/ \
 --configfiles /hpf/largeprojects/ccmbio/swu/MELT_me_merged/config.yaml -p --allowed-rules Preprocess --nocolor --notemp --no-hooks --nolock \
--mode 2  --use-conda  --conda-prefix /hpf/largeprojects/ccm_dccforge/dccdipg/Common/snakemake  && exit 0 || exit 1

Submitted job 2 with external jobid '3207641'.
Checking status of 1 jobs.
Checking status of 1 jobs.
Checking status of 1 jobs.
Checking status of 1 jobs.
Checking status of 1 jobs.
Checking status of 1 jobs.
Checking status of 1 jobs.
Checking status of 1 jobs.
Checking status of 1 jobs.
Checking status of 1 jobs.
Checking status of 1 jobs.
Checking status of 1 jobs.
Checking status of 1 jobs.
Checking status of 1 jobs.
Checking status of 1 jobs.
Checking status of 1 jobs.
Checking status of 1 jobs.
Checking status of 1 jobs.
Checking status of 1 jobs.
Checking status of 1 jobs.
Checking status of 1 jobs.
Checking status of 1 jobs.
Checking status of 1 jobs.
Checking status of 1 jobs.
Checking status of 1 jobs.
Checking status of 1 jobs.
Checking status of 1 jobs.
Checking status of 1 jobs.
Checking status of 1 jobs.
Checking status of 1 jobs.
Checking status of 1 jobs.
Checking status of 1 jobs.
Checking status of 1 jobs.
Checking status of 1 jobs.
Checking status of 1 jobs.
Checking status of 1 jobs.
Checking status of 1 jobs.
Checking status of 1 jobs.
Checking status of 1 jobs.
Checking status of 1 jobs.
Checking status of 1 jobs.
Checking status of 1 jobs.
Checking status of 1 jobs.
Checking status of 1 jobs.
Checking status of 1 jobs.
Checking status of 1 jobs.
Checking status of 1 jobs.
Checking status of 1 jobs.
Checking status of 1 jobs.
Checking status of 1 jobs.
Checking status of 1 jobs.
Checking status of 1 jobs.
Checking status of 1 jobs.
Checking status of 1 jobs.
Checking status of 1 jobs.
Checking status of 1 jobs.
Checking status of 1 jobs.
Checking status of 1 jobs.
Checking status of 1 jobs.
Checking status of 1 jobs.
Checking status of 1 jobs.
Checking status of 1 jobs.
Checking status of 1 jobs.
Checking status of 1 jobs.
Checking status of 1 jobs.
Checking status of 1 jobs.
Checking status of 1 jobs.
Checking status of 1 jobs.
Checking status of 1 jobs.
Checking status of 1 jobs.
Checking status of 1 jobs.
Checking status of 1 jobs.
Checking status of 1 jobs.
Checking status of 1 jobs.
Checking status of 1 jobs.
Checking status of 1 jobs.
Checking status of 1 jobs.
Checking status of 1 jobs.
Checking status of 1 jobs.
Checking status of 1 jobs.
Checking status of 1 jobs.
Checking status of 1 jobs.
Checking status of 1 jobs.
Checking status of 1 jobs.
Checking status of 1 jobs.
Checking status of 1 jobs.
Checking status of 1 jobs.
Checking status of 1 jobs.
Checking status of 1 jobs.
Checking status of 1 jobs.
Checking status of 1 jobs.
Checking status of 1 jobs.
Checking status of 1 jobs.
Checking status of 1 jobs.
Checking status of 1 jobs.
Checking status of 1 jobs.
Checking status of 1 jobs.
Checking status of 1 jobs.
Checking status of 1 jobs.
Checking status of 1 jobs.
Checking status of 1 jobs.
Checking status of 1 jobs.
Checking status of 1 jobs.
Checking status of 1 jobs.
Checking status of 1 jobs.
Checking status of 1 jobs.
Checking status of 1 jobs.
Checking status of 1 jobs.
Checking status of 1 jobs.
Checking status of 1 jobs.
Checking status of 1 jobs.
Checking status of 1 jobs.
Checking status of 1 jobs.
Checking status of 1 jobs.
Checking status of 1 jobs.
Checking status of 1 jobs.
Checking status of 1 jobs.
Checking status of 1 jobs.
Checking status of 1 jobs.
Checking status of 1 jobs.
Checking status of 1 jobs.
Checking status of 1 jobs.
Checking status of 1 jobs.
Checking status of 1 jobs.
Checking status of 1 jobs.
Checking status of 1 jobs.
Checking status of 1 jobs.
Checking status of 1 jobs.
Checking status of 1 jobs.
Checking status of 1 jobs.
Checking status of 1 jobs.
Checking status of 1 jobs.
Checking status of 1 jobs.
Checking status of 1 jobs.
Checking status of 1 jobs.
Checking status of 1 jobs.
Checking status of 1 jobs.
Checking status of 1 jobs.
[Fri Jun  9 14:24:00 2023]
Error in rule Preprocess:
    jobid: 2
    output: data/NA12878/NA12878_1.bam.disc, data/NA12878/NA12878_1.bam.disc.bai, data/NA12878/NA12878_1.bam.fq
    conda-env: /hpf/largeprojects/ccm_dccforge/dccdipg/Common/snakemake/ac84b9ea
    shell:
        
        java -jar /hpf/largeprojects/ccmbio/ccmmarvin_shared/genomes/166/MELT/MELTv2.2.2/MELT.jar Preprocess         -bamfile data/NA12878_1.bam         -h /hpf/largeprojects/ccm_dccforge/dccdipg/Common/genomes/GRCh37d5/GRCh37d5.fa
        
        (one of the commands exited with non-zero exit code; note that snakemake uses bash strict mode!)
    cluster_jobid: 3207641

Error executing rule Preprocess on cluster (jobid: 2, external: 3207641, jobscript: /hpf/largeprojects/ccmbio/swu/MELT_me_merged/.snakemake/tmp.g1k985c5/snakejob.Preprocess.2.sh). For error details see the cluster log and the log files of the involved rule(s).
Cleanup job metadata.
Trying to restart job 2.
Resources before job selection: {'cpus': 64, '_cores': 9223372036854775807, '_nodes': 4}
Ready jobs (1):
	Preprocess
Selected jobs (1):
	Preprocess
Resources after job selection: {'cpus': 64, '_cores': 9223372036854775806, '_nodes': 3}

[Fri Jun  9 14:24:01 2023]
rule Preprocess:
    input: data/NA12878_1.bam
    output: data/NA12878/NA12878_1.bam.disc, data/NA12878/NA12878_1.bam.disc.bai, data/NA12878/NA12878_1.bam.fq
    jobid: 2
    wildcards: project=NA12878, sample=1


        java -jar /hpf/largeprojects/ccmbio/ccmmarvin_shared/genomes/166/MELT/MELTv2.2.2/MELT.jar Preprocess         -bamfile data/NA12878_1.bam         -h /hpf/largeprojects/ccm_dccforge/dccdipg/Common/genomes/GRCh37d5/GRCh37d5.fa
        
Jobscript:
#!/bin/bash
# properties = {"type": "single", "rule": "Preprocess", "local": false, "input": ["data/NA12878_1.bam"], "output": ["data/NA12878/NA12878_1.bam.disc", "data/NA12878/NA12878_1.bam.disc.bai", "data/NA12878/NA12878_1.bam.fq"], "wildcards": {"project": "NA12878", "sample": "1"}, "params": {"melt": "/hpf/largeprojects/ccmbio/ccmmarvin_shared/genomes/166/MELT/MELTv2.2.2/MELT.jar", "genome_ref": "/hpf/largeprojects/ccm_dccforge/dccdipg/Common/genomes/GRCh37d5/GRCh37d5.fa"}, "log": [], "threads": 1, "resources": {}, "jobid": 2, "cluster": {"job-name": "Preprocess", "mem": "20G", "time": "20:00:00", "output": "slurm/%x-%j.out"}}
cd /hpf/largeprojects/ccmbio/swu/MELT_me_merged && \
/home/dennis.kao/Common/anaconda3/envs/snakemake/bin/python3.6 \
-m snakemake data/NA12878/NA12878_1.bam.disc --snakefile /hpf/largeprojects/ccmbio/swu/MELT_me_merged/Snakefile \
--force -j --keep-target-files --keep-remote \
--wait-for-files /hpf/largeprojects/ccmbio/swu/MELT_me_merged/.snakemake/tmp.g1k985c5 data/NA12878_1.bam /hpf/largeprojects/ccm_dccforge/dccdipg/Common/snakemake/ac84b9ea --latency-wait 60 \
 --attempt 2 --force-use-threads \
--wrapper-prefix https://github.com/snakemake/snakemake-wrappers/raw/ \
 --configfiles /hpf/largeprojects/ccmbio/swu/MELT_me_merged/config.yaml -p --allowed-rules Preprocess --nocolor --notemp --no-hooks --nolock \
--mode 2  --use-conda  --conda-prefix /hpf/largeprojects/ccm_dccforge/dccdipg/Common/snakemake  && exit 0 || exit 1

Submitted job 2 with external jobid '3208338'.
Checking status of 1 jobs.
Checking status of 1 jobs.
Checking status of 1 jobs.
Checking status of 1 jobs.
Checking status of 1 jobs.
Checking status of 1 jobs.
Checking status of 1 jobs.
Checking status of 1 jobs.
Checking status of 1 jobs.
Checking status of 1 jobs.
Checking status of 1 jobs.
Checking status of 1 jobs.
Checking status of 1 jobs.
Checking status of 1 jobs.
Checking status of 1 jobs.
Checking status of 1 jobs.
Checking status of 1 jobs.
Checking status of 1 jobs.
Checking status of 1 jobs.
Checking status of 1 jobs.
Checking status of 1 jobs.
Checking status of 1 jobs.
Checking status of 1 jobs.
Checking status of 1 jobs.
Checking status of 1 jobs.
Checking status of 1 jobs.
Checking status of 1 jobs.
Checking status of 1 jobs.
Checking status of 1 jobs.
Checking status of 1 jobs.
Checking status of 1 jobs.
Checking status of 1 jobs.
Checking status of 1 jobs.
Checking status of 1 jobs.
Checking status of 1 jobs.
Checking status of 1 jobs.
Checking status of 1 jobs.
Checking status of 1 jobs.
Checking status of 1 jobs.
Checking status of 1 jobs.
Checking status of 1 jobs.
Checking status of 1 jobs.
Checking status of 1 jobs.
Checking status of 1 jobs.
Checking status of 1 jobs.
Checking status of 1 jobs.
Checking status of 1 jobs.
Checking status of 1 jobs.
Checking status of 1 jobs.
Checking status of 1 jobs.
Checking status of 1 jobs.
Checking status of 1 jobs.
Checking status of 1 jobs.
Checking status of 1 jobs.
Checking status of 1 jobs.
Checking status of 1 jobs.
Checking status of 1 jobs.
Checking status of 1 jobs.
Checking status of 1 jobs.
Checking status of 1 jobs.
Checking status of 1 jobs.
Checking status of 1 jobs.
Checking status of 1 jobs.
Checking status of 1 jobs.
Checking status of 1 jobs.
Checking status of 1 jobs.
Checking status of 1 jobs.
Checking status of 1 jobs.
Checking status of 1 jobs.
Checking status of 1 jobs.
Checking status of 1 jobs.
Checking status of 1 jobs.
Checking status of 1 jobs.
Checking status of 1 jobs.
Checking status of 1 jobs.
Checking status of 1 jobs.
Checking status of 1 jobs.
Checking status of 1 jobs.
Checking status of 1 jobs.
Checking status of 1 jobs.
Checking status of 1 jobs.
Checking status of 1 jobs.
Checking status of 1 jobs.
Checking status of 1 jobs.
Checking status of 1 jobs.
Checking status of 1 jobs.
Checking status of 1 jobs.
Checking status of 1 jobs.
Checking status of 1 jobs.
Checking status of 1 jobs.
Checking status of 1 jobs.
Checking status of 1 jobs.
Checking status of 1 jobs.
Checking status of 1 jobs.
Checking status of 1 jobs.
Checking status of 1 jobs.
Checking status of 1 jobs.
Checking status of 1 jobs.
Checking status of 1 jobs.
Checking status of 1 jobs.
Checking status of 1 jobs.
Checking status of 1 jobs.
Checking status of 1 jobs.
Checking status of 1 jobs.
Checking status of 1 jobs.
Checking status of 1 jobs.
Checking status of 1 jobs.
Checking status of 1 jobs.
Checking status of 1 jobs.
Checking status of 1 jobs.
Checking status of 1 jobs.
Checking status of 1 jobs.
Checking status of 1 jobs.
Checking status of 1 jobs.
Checking status of 1 jobs.
Checking status of 1 jobs.
Checking status of 1 jobs.
Checking status of 1 jobs.
Checking status of 1 jobs.
Checking status of 1 jobs.
Checking status of 1 jobs.
Checking status of 1 jobs.
Checking status of 1 jobs.
Checking status of 1 jobs.
Checking status of 1 jobs.
Checking status of 1 jobs.
Checking status of 1 jobs.
Checking status of 1 jobs.
Checking status of 1 jobs.
Checking status of 1 jobs.
Checking status of 1 jobs.
Checking status of 1 jobs.
Checking status of 1 jobs.
Checking status of 1 jobs.
Checking status of 1 jobs.
Checking status of 1 jobs.
Checking status of 1 jobs.
Checking status of 1 jobs.
Checking status of 1 jobs.
Checking status of 1 jobs.
Checking status of 1 jobs.
Checking status of 1 jobs.
Checking status of 1 jobs.
Checking status of 1 jobs.
Checking status of 1 jobs.
Checking status of 1 jobs.
Checking status of 1 jobs.
Checking status of 1 jobs.
Checking status of 1 jobs.
Checking status of 1 jobs.
Checking status of 1 jobs.
Checking status of 1 jobs.
Checking status of 1 jobs.
Checking status of 1 jobs.
Checking status of 1 jobs.
Checking status of 1 jobs.
Checking status of 1 jobs.
Checking status of 1 jobs.
Checking status of 1 jobs.
Checking status of 1 jobs.
Checking status of 1 jobs.
Checking status of 1 jobs.
Checking status of 1 jobs.
Checking status of 1 jobs.
Checking status of 1 jobs.
Checking status of 1 jobs.
Checking status of 1 jobs.
Checking status of 1 jobs.
Checking status of 1 jobs.
Checking status of 1 jobs.
Checking status of 1 jobs.
Checking status of 1 jobs.
Checking status of 1 jobs.
Checking status of 1 jobs.
Checking status of 1 jobs.
Checking status of 1 jobs.
Checking status of 1 jobs.
Checking status of 1 jobs.
Checking status of 1 jobs.
Checking status of 1 jobs.
[Fri Jun  9 14:57:41 2023]
Error in rule Preprocess:
    jobid: 2
    output: data/NA12878/NA12878_1.bam.disc, data/NA12878/NA12878_1.bam.disc.bai, data/NA12878/NA12878_1.bam.fq
    conda-env: /hpf/largeprojects/ccm_dccforge/dccdipg/Common/snakemake/ac84b9ea
    shell:
        
        java -jar /hpf/largeprojects/ccmbio/ccmmarvin_shared/genomes/166/MELT/MELTv2.2.2/MELT.jar Preprocess         -bamfile data/NA12878_1.bam         -h /hpf/largeprojects/ccm_dccforge/dccdipg/Common/genomes/GRCh37d5/GRCh37d5.fa
        
        (one of the commands exited with non-zero exit code; note that snakemake uses bash strict mode!)
    cluster_jobid: 3208338

Error executing rule Preprocess on cluster (jobid: 2, external: 3208338, jobscript: /hpf/largeprojects/ccmbio/swu/MELT_me_merged/.snakemake/tmp.g1k985c5/snakejob.Preprocess.2.sh). For error details see the cluster log and the log files of the involved rule(s).
Cleanup job metadata.
Trying to restart job 2.
Resources before job selection: {'cpus': 64, '_cores': 9223372036854775807, '_nodes': 4}
Ready jobs (1):
	Preprocess
Selected jobs (1):
	Preprocess
Resources after job selection: {'cpus': 64, '_cores': 9223372036854775806, '_nodes': 3}

[Fri Jun  9 14:57:42 2023]
rule Preprocess:
    input: data/NA12878_1.bam
    output: data/NA12878/NA12878_1.bam.disc, data/NA12878/NA12878_1.bam.disc.bai, data/NA12878/NA12878_1.bam.fq
    jobid: 2
    wildcards: project=NA12878, sample=1


        java -jar /hpf/largeprojects/ccmbio/ccmmarvin_shared/genomes/166/MELT/MELTv2.2.2/MELT.jar Preprocess         -bamfile data/NA12878_1.bam         -h /hpf/largeprojects/ccm_dccforge/dccdipg/Common/genomes/GRCh37d5/GRCh37d5.fa
        
Jobscript:
#!/bin/bash
# properties = {"type": "single", "rule": "Preprocess", "local": false, "input": ["data/NA12878_1.bam"], "output": ["data/NA12878/NA12878_1.bam.disc", "data/NA12878/NA12878_1.bam.disc.bai", "data/NA12878/NA12878_1.bam.fq"], "wildcards": {"project": "NA12878", "sample": "1"}, "params": {"melt": "/hpf/largeprojects/ccmbio/ccmmarvin_shared/genomes/166/MELT/MELTv2.2.2/MELT.jar", "genome_ref": "/hpf/largeprojects/ccm_dccforge/dccdipg/Common/genomes/GRCh37d5/GRCh37d5.fa"}, "log": [], "threads": 1, "resources": {}, "jobid": 2, "cluster": {"job-name": "Preprocess", "mem": "20G", "time": "20:00:00", "output": "slurm/%x-%j.out"}}
cd /hpf/largeprojects/ccmbio/swu/MELT_me_merged && \
/home/dennis.kao/Common/anaconda3/envs/snakemake/bin/python3.6 \
-m snakemake data/NA12878/NA12878_1.bam.disc --snakefile /hpf/largeprojects/ccmbio/swu/MELT_me_merged/Snakefile \
--force -j --keep-target-files --keep-remote \
--wait-for-files /hpf/largeprojects/ccmbio/swu/MELT_me_merged/.snakemake/tmp.g1k985c5 data/NA12878_1.bam /hpf/largeprojects/ccm_dccforge/dccdipg/Common/snakemake/ac84b9ea --latency-wait 60 \
 --attempt 3 --force-use-threads \
--wrapper-prefix https://github.com/snakemake/snakemake-wrappers/raw/ \
 --configfiles /hpf/largeprojects/ccmbio/swu/MELT_me_merged/config.yaml -p --allowed-rules Preprocess --nocolor --notemp --no-hooks --nolock \
--mode 2  --use-conda  --conda-prefix /hpf/largeprojects/ccm_dccforge/dccdipg/Common/snakemake  && exit 0 || exit 1

Submitted job 2 with external jobid '3208749'.
Checking status of 1 jobs.
Checking status of 1 jobs.
Checking status of 1 jobs.
Checking status of 1 jobs.
Checking status of 1 jobs.
Checking status of 1 jobs.
Checking status of 1 jobs.
Checking status of 1 jobs.
Checking status of 1 jobs.
Checking status of 1 jobs.
Checking status of 1 jobs.
Checking status of 1 jobs.
Checking status of 1 jobs.
Checking status of 1 jobs.
Checking status of 1 jobs.
Checking status of 1 jobs.
Checking status of 1 jobs.
Checking status of 1 jobs.
Checking status of 1 jobs.
Checking status of 1 jobs.
Checking status of 1 jobs.
Checking status of 1 jobs.
Checking status of 1 jobs.
Checking status of 1 jobs.
Checking status of 1 jobs.
Checking status of 1 jobs.
Checking status of 1 jobs.
Checking status of 1 jobs.
Checking status of 1 jobs.
Checking status of 1 jobs.
Checking status of 1 jobs.
Checking status of 1 jobs.
Checking status of 1 jobs.
Checking status of 1 jobs.
Checking status of 1 jobs.
Checking status of 1 jobs.
Checking status of 1 jobs.
Checking status of 1 jobs.
Checking status of 1 jobs.
Checking status of 1 jobs.
Checking status of 1 jobs.
Checking status of 1 jobs.
Checking status of 1 jobs.
Checking status of 1 jobs.
Checking status of 1 jobs.
Checking status of 1 jobs.
Checking status of 1 jobs.
Checking status of 1 jobs.
Checking status of 1 jobs.
Checking status of 1 jobs.
Checking status of 1 jobs.
Checking status of 1 jobs.
Checking status of 1 jobs.
Checking status of 1 jobs.
Checking status of 1 jobs.
Checking status of 1 jobs.
Checking status of 1 jobs.
Checking status of 1 jobs.
Checking status of 1 jobs.
slurmstepd: error: *** JOB 3207640 ON cn50 CANCELLED AT 2023-06-09T15:08:49 ***
