Building DAG of jobs...
Checking status of 0 jobs.
Using shell: /usr/bin/bash
Provided cluster nodes: 4
Provided resources: cpus=64
Job counts:
	count	jobs
	1	Genotype
	1	GroupAnalysis
	1	MakeVCF
	1	all
	4
Resources before job selection: {'cpus': 64, '_cores': 9223372036854775807, '_nodes': 4}
Ready jobs (1):
	GroupAnalysis
Selected jobs (1):
	GroupAnalysis
Resources after job selection: {'cpus': 64, '_cores': 9223372036854775806, '_nodes': 3}

[Wed Jun 14 10:08:50 2023]
rule GroupAnalysis:
    output: data/NA12878/GroupAnalysis_out/ALU.pre_geno.tsv, data/NA12878/GroupAnalysis_out/LINE1.pre_geno.tsv, data/NA12878/GroupAnalysis_out/SVA.pre_geno.tsv
    jobid: 2
    wildcards: project=NA12878


        java -jar /hpf/largeprojects/ccmbio/ccmmarvin_shared/genomes/166/MELT/MELTv2.2.2/MELT.jar GroupAnalysis         -h /hpf/largeprojects/ccm_dccforge/dccdipg/Common/genomes/GRCh37d5/GRCh37d5.fa         -n /hpf/largeprojects/ccmbio/ccmmarvin_shared/genomes/166/MELT/MELTv2.2.2/add_bed_files/1KGP_Hg19/hg19.genes.bed         -t /hpf/largeprojects/ccmbio/swu/MELT_me_merged/transposon_file_list.txt        -discoverydir /hpf/largeprojects/ccmbio/swu/MELT_me_merged/data/NA12878/IndivAnalysis_out/         -w /hpf/largeprojects/ccmbio/swu/MELT_me_merged/data/NA12878/GroupAnalysis_out/ 
        
Jobscript:
#!/bin/bash
# properties = {"type": "single", "rule": "GroupAnalysis", "local": false, "input": [], "output": ["data/NA12878/GroupAnalysis_out/ALU.pre_geno.tsv", "data/NA12878/GroupAnalysis_out/LINE1.pre_geno.tsv", "data/NA12878/GroupAnalysis_out/SVA.pre_geno.tsv"], "wildcards": {"project": "NA12878"}, "params": {"melt": "/hpf/largeprojects/ccmbio/ccmmarvin_shared/genomes/166/MELT/MELTv2.2.2/MELT.jar", "genome_ref": "/hpf/largeprojects/ccm_dccforge/dccdipg/Common/genomes/GRCh37d5/GRCh37d5.fa", "project": "NA12878", "element_ref": "/hpf/largeprojects/ccmbio/swu/MELT_me_merged/transposon_file_list.txt"}, "log": [], "threads": 1, "resources": {}, "jobid": 2, "cluster": {"job-name": "GroupAnalysis", "mem": "20G", "time": "20:00:00", "output": "slurm/%x-%j.out"}}
cd /hpf/largeprojects/ccmbio/swu/MELT_me_merged && \
/home/dennis.kao/Common/anaconda3/envs/snakemake/bin/python3.6 \
-m snakemake data/NA12878/GroupAnalysis_out/ALU.pre_geno.tsv --snakefile /hpf/largeprojects/ccmbio/swu/MELT_me_merged/Snakefile \
--force -j --keep-target-files --keep-remote \
--wait-for-files /hpf/largeprojects/ccmbio/swu/MELT_me_merged/.snakemake/tmp.phbflglx /hpf/largeprojects/ccm_dccforge/dccdipg/Common/snakemake/ac84b9ea --latency-wait 60 \
 --attempt 1 --force-use-threads \
--wrapper-prefix https://github.com/snakemake/snakemake-wrappers/raw/ \
 --configfiles /hpf/largeprojects/ccmbio/swu/MELT_me_merged/config.yaml -p --allowed-rules GroupAnalysis --nocolor --notemp --no-hooks --nolock \
--mode 2  --use-conda  --conda-prefix /hpf/largeprojects/ccm_dccforge/dccdipg/Common/snakemake  && exit 0 || exit 1

Submitted job 2 with external jobid '3250232'.
Checking status of 1 jobs.
Checking status of 1 jobs.
Checking status of 1 jobs.
Checking status of 1 jobs.
Checking status of 1 jobs.
Checking status of 1 jobs.
Checking status of 1 jobs.
Checking status of 1 jobs.
Checking status of 1 jobs.
Checking status of 1 jobs.
Checking status of 1 jobs.
Checking status of 1 jobs.
Checking status of 1 jobs.
Checking status of 1 jobs.
Checking status of 1 jobs.
Checking status of 1 jobs.
Checking status of 1 jobs.
Checking status of 1 jobs.
Checking status of 1 jobs.
Checking status of 1 jobs.
Checking status of 1 jobs.
Checking status of 1 jobs.
Checking status of 1 jobs.
Checking status of 1 jobs.
Checking status of 1 jobs.
Checking status of 1 jobs.
Checking status of 1 jobs.
Checking status of 1 jobs.
Checking status of 1 jobs.
Checking status of 1 jobs.
Checking status of 1 jobs.
Checking status of 1 jobs.
Checking status of 1 jobs.
Checking status of 1 jobs.
Checking status of 1 jobs.
Checking status of 1 jobs.
Checking status of 1 jobs.
Checking status of 1 jobs.
Checking status of 1 jobs.
Checking status of 1 jobs.
Checking status of 1 jobs.
Checking status of 1 jobs.
Checking status of 1 jobs.
Checking status of 1 jobs.
Checking status of 1 jobs.
Checking status of 1 jobs.
[Wed Jun 14 10:17:25 2023]
Finished job 2.
1 of 4 steps (25%) done
Resources before job selection: {'cpus': 64, '_cores': 9223372036854775807, '_nodes': 4}
Ready jobs (1):
	Genotype
Selected jobs (1):
	Genotype
Resources after job selection: {'cpus': 64, '_cores': 9223372036854775806, '_nodes': 3}

[Wed Jun 14 10:17:26 2023]
rule Genotype:
    input: data/NA12878/GroupAnalysis_out/ALU.pre_geno.tsv, data/NA12878/GroupAnalysis_out/LINE1.pre_geno.tsv, data/NA12878/GroupAnalysis_out/SVA.pre_geno.tsv, data/NA12878/NA12878_1.bam
    output: data/NA12878/Genotype_out/NA12878_1.ALU.tsv, data/NA12878/Genotype_out/NA12878_1.LINE1.tsv, data/NA12878/Genotype_out/NA12878_1.SVA.tsv
    jobid: 3
    wildcards: project=NA12878, sample=1


        java -jar /hpf/largeprojects/ccmbio/ccmmarvin_shared/genomes/166/MELT/MELTv2.2.2/MELT.jar Genotype         -bamfile data/NA12878/NA12878_1.bam         -h /hpf/largeprojects/ccm_dccforge/dccdipg/Common/genomes/GRCh37d5/GRCh37d5.fa         -t /hpf/largeprojects/ccmbio/swu/MELT_me_merged/transposon_file_list.txt	    -p /hpf/largeprojects/ccmbio/swu/MELT_me_merged/data/NA12878/GroupAnalysis_out/         -w /hpf/largeprojects/ccmbio/swu/MELT_me_merged/data/NA12878/Genotype_out/
        
Jobscript:
#!/bin/bash
# properties = {"type": "single", "rule": "Genotype", "local": false, "input": ["data/NA12878/GroupAnalysis_out/ALU.pre_geno.tsv", "data/NA12878/GroupAnalysis_out/LINE1.pre_geno.tsv", "data/NA12878/GroupAnalysis_out/SVA.pre_geno.tsv", "data/NA12878/NA12878_1.bam"], "output": ["data/NA12878/Genotype_out/NA12878_1.ALU.tsv", "data/NA12878/Genotype_out/NA12878_1.LINE1.tsv", "data/NA12878/Genotype_out/NA12878_1.SVA.tsv"], "wildcards": {"project": "NA12878", "sample": "1"}, "params": {"melt": "/hpf/largeprojects/ccmbio/ccmmarvin_shared/genomes/166/MELT/MELTv2.2.2/MELT.jar", "genome_ref": "/hpf/largeprojects/ccm_dccforge/dccdipg/Common/genomes/GRCh37d5/GRCh37d5.fa", "element_ref": "/hpf/largeprojects/ccmbio/swu/MELT_me_merged/transposon_file_list.txt"}, "log": [], "threads": 1, "resources": {}, "jobid": 3, "cluster": {"job-name": "Genotype", "mem": "20G", "time": "20:00:00", "output": "slurm/%x-%j.out"}}
cd /hpf/largeprojects/ccmbio/swu/MELT_me_merged && \
/home/dennis.kao/Common/anaconda3/envs/snakemake/bin/python3.6 \
-m snakemake data/NA12878/Genotype_out/NA12878_1.ALU.tsv --snakefile /hpf/largeprojects/ccmbio/swu/MELT_me_merged/Snakefile \
--force -j --keep-target-files --keep-remote \
--wait-for-files /hpf/largeprojects/ccmbio/swu/MELT_me_merged/.snakemake/tmp.phbflglx data/NA12878/GroupAnalysis_out/ALU.pre_geno.tsv data/NA12878/GroupAnalysis_out/LINE1.pre_geno.tsv data/NA12878/GroupAnalysis_out/SVA.pre_geno.tsv data/NA12878/NA12878_1.bam /hpf/largeprojects/ccm_dccforge/dccdipg/Common/snakemake/ac84b9ea --latency-wait 60 \
 --attempt 1 --force-use-threads \
--wrapper-prefix https://github.com/snakemake/snakemake-wrappers/raw/ \
 --configfiles /hpf/largeprojects/ccmbio/swu/MELT_me_merged/config.yaml -p --allowed-rules Genotype --nocolor --notemp --no-hooks --nolock \
--mode 2  --use-conda  --conda-prefix /hpf/largeprojects/ccm_dccforge/dccdipg/Common/snakemake  && exit 0 || exit 1

Submitted job 3 with external jobid '3250247'.
Checking status of 1 jobs.
Checking status of 1 jobs.
Checking status of 1 jobs.
Checking status of 1 jobs.
Checking status of 1 jobs.
Checking status of 1 jobs.
Checking status of 1 jobs.
Checking status of 1 jobs.
Checking status of 1 jobs.
Checking status of 1 jobs.
Checking status of 1 jobs.
Checking status of 1 jobs.
Checking status of 1 jobs.
Checking status of 1 jobs.
Checking status of 1 jobs.
Checking status of 1 jobs.
Checking status of 1 jobs.
Checking status of 1 jobs.
Checking status of 1 jobs.
Checking status of 1 jobs.
Checking status of 1 jobs.
Checking status of 1 jobs.
Checking status of 1 jobs.
Checking status of 1 jobs.
Checking status of 1 jobs.
Checking status of 1 jobs.
Checking status of 1 jobs.
Checking status of 1 jobs.
Checking status of 1 jobs.
Checking status of 1 jobs.
Checking status of 1 jobs.
Checking status of 1 jobs.
Checking status of 1 jobs.
Checking status of 1 jobs.
Checking status of 1 jobs.
Checking status of 1 jobs.
Checking status of 1 jobs.
Checking status of 1 jobs.
Checking status of 1 jobs.
Checking status of 1 jobs.
Checking status of 1 jobs.
Checking status of 1 jobs.
Checking status of 1 jobs.
Checking status of 1 jobs.
Checking status of 1 jobs.
Checking status of 1 jobs.
Checking status of 1 jobs.
Checking status of 1 jobs.
Checking status of 1 jobs.
Checking status of 1 jobs.
Checking status of 1 jobs.
Checking status of 1 jobs.
Checking status of 1 jobs.
Checking status of 1 jobs.
Checking status of 1 jobs.
Checking status of 1 jobs.
Checking status of 1 jobs.
Checking status of 1 jobs.
Checking status of 1 jobs.
Checking status of 1 jobs.
Checking status of 1 jobs.
Checking status of 1 jobs.
Checking status of 1 jobs.
Checking status of 1 jobs.
Checking status of 1 jobs.
Checking status of 1 jobs.
Checking status of 1 jobs.
Checking status of 1 jobs.
Checking status of 1 jobs.
Checking status of 1 jobs.
Checking status of 1 jobs.
Checking status of 1 jobs.
Checking status of 1 jobs.
Checking status of 1 jobs.
Checking status of 1 jobs.
Checking status of 1 jobs.
Checking status of 1 jobs.
Checking status of 1 jobs.
Checking status of 1 jobs.
Checking status of 1 jobs.
Checking status of 1 jobs.
Checking status of 1 jobs.
Checking status of 1 jobs.
Checking status of 1 jobs.
Checking status of 1 jobs.
Checking status of 1 jobs.
Checking status of 1 jobs.
Checking status of 1 jobs.
Checking status of 1 jobs.
Checking status of 1 jobs.
Checking status of 1 jobs.
Checking status of 1 jobs.
Checking status of 1 jobs.
Checking status of 1 jobs.
Checking status of 1 jobs.
Checking status of 1 jobs.
Checking status of 1 jobs.
Checking status of 1 jobs.
Checking status of 1 jobs.
Checking status of 1 jobs.
Checking status of 1 jobs.
Checking status of 1 jobs.
Checking status of 1 jobs.
Checking status of 1 jobs.
Checking status of 1 jobs.
Checking status of 1 jobs.
Checking status of 1 jobs.
Checking status of 1 jobs.
Checking status of 1 jobs.
Checking status of 1 jobs.
Checking status of 1 jobs.
Checking status of 1 jobs.
Checking status of 1 jobs.
Checking status of 1 jobs.
Checking status of 1 jobs.
Checking status of 1 jobs.
Checking status of 1 jobs.
Checking status of 1 jobs.
Checking status of 1 jobs.
Checking status of 1 jobs.
Checking status of 1 jobs.
Checking status of 1 jobs.
Checking status of 1 jobs.
Checking status of 1 jobs.
Checking status of 1 jobs.
Checking status of 1 jobs.
Checking status of 1 jobs.
Checking status of 1 jobs.
Checking status of 1 jobs.
Checking status of 1 jobs.
Checking status of 1 jobs.
Checking status of 1 jobs.
Checking status of 1 jobs.
Checking status of 1 jobs.
Checking status of 1 jobs.
Checking status of 1 jobs.
Checking status of 1 jobs.
Checking status of 1 jobs.
Checking status of 1 jobs.
Checking status of 1 jobs.
Checking status of 1 jobs.
Checking status of 1 jobs.
Checking status of 1 jobs.
Checking status of 1 jobs.
Checking status of 1 jobs.
Checking status of 1 jobs.
Checking status of 1 jobs.
Checking status of 1 jobs.
Checking status of 1 jobs.
Checking status of 1 jobs.
Checking status of 1 jobs.
Checking status of 1 jobs.
Checking status of 1 jobs.
Checking status of 1 jobs.
Checking status of 1 jobs.
Checking status of 1 jobs.
Checking status of 1 jobs.
Checking status of 1 jobs.
Checking status of 1 jobs.
Checking status of 1 jobs.
Checking status of 1 jobs.
Checking status of 1 jobs.
Checking status of 1 jobs.
Checking status of 1 jobs.
Checking status of 1 jobs.
Checking status of 1 jobs.
Checking status of 1 jobs.
Checking status of 1 jobs.
Checking status of 1 jobs.
Checking status of 1 jobs.
Checking status of 1 jobs.
Checking status of 1 jobs.
Checking status of 1 jobs.
Checking status of 1 jobs.
Checking status of 1 jobs.
Checking status of 1 jobs.
[Wed Jun 14 10:50:22 2023]
Finished job 3.
2 of 4 steps (50%) done
Resources before job selection: {'cpus': 64, '_cores': 9223372036854775807, '_nodes': 4}
Ready jobs (1):
	MakeVCF
Selected jobs (1):
	MakeVCF
Resources after job selection: {'cpus': 64, '_cores': 9223372036854775806, '_nodes': 3}

[Wed Jun 14 10:50:23 2023]
rule MakeVCF:
    input: data/NA12878/GroupAnalysis_out/ALU.pre_geno.tsv, data/NA12878/GroupAnalysis_out/LINE1.pre_geno.tsv, data/NA12878/GroupAnalysis_out/SVA.pre_geno.tsv, data/NA12878/Genotype_out/NA12878_1.ALU.tsv, data/NA12878/Genotype_out/NA12878_1.LINE1.tsv, data/NA12878/Genotype_out/NA12878_1.SVA.tsv
    output: data/NA12878/MakeVCF_out/NA12878_ALU.final_comp.vcf, data/NA12878/MakeVCF_out/NA12878_LINE1.final_comp.vcf, data/NA12878/MakeVCF_out/NA12878_SVA.final_comp.vcf
    jobid: 1
    wildcards: project=NA12878


        java -jar /hpf/largeprojects/ccmbio/ccmmarvin_shared/genomes/166/MELT/MELTv2.2.2/MELT.jar MakeVCF         -genotypingdir /hpf/largeprojects/ccmbio/swu/MELT_me_merged/data/NA12878/Genotype_out/         -p /hpf/largeprojects/ccmbio/swu/MELT_me_merged/data/NA12878/GroupAnalysis_out/         -h /hpf/largeprojects/ccm_dccforge/dccdipg/Common/genomes/GRCh37d5/GRCh37d5.fa         -t /hpf/largeprojects/ccmbio/swu/MELT_me_merged/transposon_file_list.txt        -w /hpf/largeprojects/ccmbio/swu/MELT_me_merged/data/NA12878/MakeVCF_out/ ; 
        for me in "ALU" "LINE1" "SVA"; do 
            mv "$me".final_comp.vcf data/NA12878/MakeVCF_out/NA12878_"$me".final_comp.vcf
            mv data/NA12878/MakeVCF_out/"$me".hum.list data/NA12878/MakeVCF_out/NA12878_"$me".hum.list
        done 
        
Jobscript:
#!/bin/bash
# properties = {"type": "single", "rule": "MakeVCF", "local": false, "input": ["data/NA12878/GroupAnalysis_out/ALU.pre_geno.tsv", "data/NA12878/GroupAnalysis_out/LINE1.pre_geno.tsv", "data/NA12878/GroupAnalysis_out/SVA.pre_geno.tsv", "data/NA12878/Genotype_out/NA12878_1.ALU.tsv", "data/NA12878/Genotype_out/NA12878_1.LINE1.tsv", "data/NA12878/Genotype_out/NA12878_1.SVA.tsv"], "output": ["data/NA12878/MakeVCF_out/NA12878_ALU.final_comp.vcf", "data/NA12878/MakeVCF_out/NA12878_LINE1.final_comp.vcf", "data/NA12878/MakeVCF_out/NA12878_SVA.final_comp.vcf"], "wildcards": {"project": "NA12878"}, "params": {"melt": "/hpf/largeprojects/ccmbio/ccmmarvin_shared/genomes/166/MELT/MELTv2.2.2/MELT.jar", "genome_ref": "/hpf/largeprojects/ccm_dccforge/dccdipg/Common/genomes/GRCh37d5/GRCh37d5.fa", "project": "NA12878", "element_ref": "/hpf/largeprojects/ccmbio/swu/MELT_me_merged/transposon_file_list.txt"}, "log": [], "threads": 1, "resources": {}, "jobid": 1, "cluster": {"job-name": "MakeVCF", "mem": "20G", "time": "20:00:00", "output": "slurm/%x-%j.out"}}
cd /hpf/largeprojects/ccmbio/swu/MELT_me_merged && \
/home/dennis.kao/Common/anaconda3/envs/snakemake/bin/python3.6 \
-m snakemake data/NA12878/MakeVCF_out/NA12878_ALU.final_comp.vcf --snakefile /hpf/largeprojects/ccmbio/swu/MELT_me_merged/Snakefile \
--force -j --keep-target-files --keep-remote \
--wait-for-files /hpf/largeprojects/ccmbio/swu/MELT_me_merged/.snakemake/tmp.phbflglx data/NA12878/GroupAnalysis_out/ALU.pre_geno.tsv data/NA12878/GroupAnalysis_out/LINE1.pre_geno.tsv data/NA12878/GroupAnalysis_out/SVA.pre_geno.tsv data/NA12878/Genotype_out/NA12878_1.ALU.tsv data/NA12878/Genotype_out/NA12878_1.LINE1.tsv data/NA12878/Genotype_out/NA12878_1.SVA.tsv /hpf/largeprojects/ccm_dccforge/dccdipg/Common/snakemake/ac84b9ea --latency-wait 60 \
 --attempt 1 --force-use-threads \
--wrapper-prefix https://github.com/snakemake/snakemake-wrappers/raw/ \
 --configfiles /hpf/largeprojects/ccmbio/swu/MELT_me_merged/config.yaml -p --allowed-rules MakeVCF --nocolor --notemp --no-hooks --nolock \
--mode 2  --use-conda  --conda-prefix /hpf/largeprojects/ccm_dccforge/dccdipg/Common/snakemake  && exit 0 || exit 1

Submitted job 1 with external jobid '3250411'.
Checking status of 1 jobs.
Checking status of 1 jobs.
Waiting at most 60 seconds for missing files.
[Wed Jun 14 10:50:53 2023]
Finished job 1.
3 of 4 steps (75%) done
Resources before job selection: {'cpus': 64, '_cores': 9223372036854775807, '_nodes': 4}
Ready jobs (1):
	all
Selected jobs (1):
	all
Resources after job selection: {'cpus': 64, '_cores': 9223372036854775806, '_nodes': 3}

[Wed Jun 14 10:50:54 2023]
localrule all:
    input: data/NA12878/MakeVCF_out/NA12878_ALU.final_comp.vcf, data/NA12878/MakeVCF_out/NA12878_LINE1.final_comp.vcf, data/NA12878/MakeVCF_out/NA12878_SVA.final_comp.vcf
    jobid: 0

[Wed Jun 14 10:50:54 2023]
Finished job 0.
4 of 4 steps (100%) done
Complete log: /hpf/largeprojects/ccmbio/swu/MELT_me_merged/.snakemake/log/2023-06-14T100849.073277.snakemake.log
unlocking
removing lock
removing lock
removed all locks
